[INFO]2020/10/21 16:33:15 task|HandleResponse running
[ERR]2020/10/21 16:33:15 [/Users/jackripper/project/Ripper/handler/routingtable.go 43 [string field contains invalid UTF-8]]
[INFO]2020/10/21 16:33:15 task|HandleResponse running
[INFO]2020/10/21 16:33:15 task|HandleResponse running
[INFO]2020/10/21 16:33:15 task|HandleResponse running
[INFO]2020/10/21 16:33:15 task|HandleResponse running
[INFO]2020/10/21 16:33:15 task|Monitor running
[INFO]2020/10/21 16:33:15 task|HandleResponse running
[ERR]2020/10/21 16:33:15 [/Users/jackripper/project/Ripper/main.go 35 [string field contains invalid UTF-8]]
[INFO]2020/10/21 16:33:15 task|HandleResponse running
[INFO]2020/10/21 16:33:54 task|Monitor running
[INFO]2020/10/21 16:33:54 task|HandleResponse running
[INFO]2020/10/21 16:33:54 task|HandleResponse running
[INFO]2020/10/21 16:33:54 task|HandleResponse running
[INFO]2020/10/21 16:33:54 task|HandleResponse running
[INFO]2020/10/21 16:33:54 task|HandleResponse running
[INFO]2020/10/21 16:33:54 task|ResultCmdTask running
[INFO]2020/10/21 16:33:54 task|HandleResponse running
[INFO]2020/10/21 16:33:54 task|HandleResponse running
[ERR]2020/10/21 16:33:54 [/Users/jackripper/project/Ripper/handler/routingtable.go 44 [string field contains invalid UTF-8]]
[INFO]2020/10/21 16:33:54 task|HandleResponse running
[ERR]2020/10/21 16:33:54 [/Users/jackripper/project/Ripper/main.go 35 [string field contains invalid UTF-8]]
[INFO]2020/10/21 16:34:45 task|ResultCmdTask running
[INFO]2020/10/21 16:34:45 task|HandleResponse running
[INFO]2020/10/21 16:34:45 task|HandleResponse running
[INFO]2020/10/21 16:34:45 task|HandleResponse running
[INFO]2020/10/21 16:34:45 task|HandleResponse running
[INFO]2020/10/21 16:34:45 task|HandleResponse running
[INFO]2020/10/21 16:34:45 task|HandleResponse running
[INFO]2020/10/21 16:34:45 task|Monitor running
[INFO]2020/10/21 16:34:45 task|HandleResponse running
[INFO]2020/10/21 16:34:45 task|HandleResponse running
[INFO]2020/10/21 16:35:16 task|MonitorTask running
[INFO]2020/10/21 16:35:16 task|HandleResponse running
[INFO]2020/10/21 16:35:16 task|HandleResponse running
[INFO]2020/10/21 16:35:16 task|HandleResponse running
[INFO]2020/10/21 16:35:16 task|HandleResponse running
[INFO]2020/10/21 16:35:16 task|HandleResponse running
[INFO]2020/10/21 16:35:16 task|HandleResponse running
[INFO]2020/10/21 16:35:16 task|HandleResponse running
[INFO]2020/10/21 16:35:16 task|HandleResponse running
[INFO]2020/10/21 16:35:16 task|ResultCmdTask running
[INFO]2020/10/21 16:35:22 task|HandleResponseTask running
[INFO]2020/10/21 16:35:22 task|ResultCmdTask running
[INFO]2020/10/21 16:35:22 task|HandleResponseTask running
[INFO]2020/10/21 16:35:22 task|HandleResponseTask running
[INFO]2020/10/21 16:35:22 task|HandleResponseTask running
[INFO]2020/10/21 16:35:22 task|HandleResponseTask running
[INFO]2020/10/21 16:35:22 task|HandleResponseTask running
[INFO]2020/10/21 16:35:22 task|HandleResponseTask running
[INFO]2020/10/21 16:35:22 task|MonitorTask running
[INFO]2020/10/21 16:35:22 task|HandleResponseTask running
[INFO]2020/10/21 16:41:00 task|ResultCmdTask running
[INFO]2020/10/21 16:41:00 task|MonitorTask running
[INFO]2020/10/21 16:41:00 task|HandleResponseTask running
[INFO]2020/10/21 16:41:00 task|HandleResponseTask running
[INFO]2020/10/21 16:41:00 task|HandleResponseTask running
[INFO]2020/10/21 16:41:00 task|HandleResponseTask running
[INFO]2020/10/21 16:41:00 task|HandleResponseTask running
[INFO]2020/10/21 16:41:00 task|HandleResponseTask running
[INFO]2020/10/21 16:41:00 task|HandleResponseTask running
[INFO]2020/10/21 16:41:00 task|HandleResponseTask running
[INFO]2020/10/21 16:41:15 task|HandleResponseTask running
[INFO]2020/10/21 16:41:15 task|HandleResponseTask running
[INFO]2020/10/21 16:41:15 task|HandleResponseTask running
[INFO]2020/10/21 16:41:15 task|HandleResponseTask running
[INFO]2020/10/21 16:41:15 task|HandleResponseTask running
[INFO]2020/10/21 16:41:15 task|HandleResponseTask running
[INFO]2020/10/21 16:41:15 task|ResultCmdTask running
[INFO]2020/10/21 16:41:15 task|HandleResponseTask running
[INFO]2020/10/21 16:41:15 task|MonitorTask running
[INFO]2020/10/21 16:41:15 task|HandleResponseTask running
[INFO]2020/10/21 16:41:24 task|HandleResponseTask running
[INFO]2020/10/21 16:41:24 task|HandleResponseTask running
[INFO]2020/10/21 16:41:24 task|MonitorTask running
[INFO]2020/10/21 16:41:24 task|HandleResponseTask running
[INFO]2020/10/21 16:41:24 task|HandleResponseTask running
[INFO]2020/10/21 16:41:24 task|HandleResponseTask running
[INFO]2020/10/21 16:41:24 task|HandleResponseTask running
[INFO]2020/10/21 16:41:24 task|ResultCmdTask running
[INFO]2020/10/21 16:41:24 task|HandleResponseTask running
[INFO]2020/10/21 16:41:24 task|HandleResponseTask running
[INFO]2020/10/21 16:42:42 task|ResultCmdTask running
[INFO]2020/10/21 16:42:42 task|MonitorTask running
[INFO]2020/10/21 16:42:42 task|HandleResponseTask running
[INFO]2020/10/21 16:42:42 task|HandleResponseTask running
[INFO]2020/10/21 16:42:42 task|HandleResponseTask running
[INFO]2020/10/21 16:42:42 task|HandleResponseTask running
[INFO]2020/10/21 16:42:42 task|HandleResponseTask running
[INFO]2020/10/21 16:42:42 task|HandleResponseTask running
[INFO]2020/10/21 16:42:42 task|HandleResponseTask running
[INFO]2020/10/21 16:42:42 task|HandleResponseTask running
[INFO]2020/10/21 16:43:03 task|ResultCmdTask running
[INFO]2020/10/21 16:43:03 task|HandleResponseTask running
[INFO]2020/10/21 16:43:03 task|HandleResponseTask running
[INFO]2020/10/21 16:43:03 task|HandleResponseTask running
[INFO]2020/10/21 16:43:03 task|HandleResponseTask running
[INFO]2020/10/21 16:43:03 task|HandleResponseTask running
[INFO]2020/10/21 16:43:03 task|HandleResponseTask running
[INFO]2020/10/21 16:43:03 task|MonitorTask running
[INFO]2020/10/21 16:43:03 task|HandleResponseTask running
[INFO]2020/10/21 16:43:03 task|HandleResponseTask running
[INFO]2020/10/21 16:47:08 task|HandleResponseTask running
[INFO]2020/10/21 16:47:08 task|ResultCmdTask running
[INFO]2020/10/21 16:47:08 task|MonitorTask running
[INFO]2020/10/21 16:47:08 task|HandleResponseTask running
[INFO]2020/10/21 16:47:08 task|HandleResponseTask running
[INFO]2020/10/21 16:47:08 task|HandleResponseTask running
[INFO]2020/10/21 16:47:08 task|HandleResponseTask running
[INFO]2020/10/21 16:47:08 task|HandleResponseTask running
[INFO]2020/10/21 16:47:08 task|HandleResponseTask running
[INFO]2020/10/21 16:47:08 task|HandleResponseTask running
[INFO]2020/10/21 17:07:16 task|HandleResponseTask running
[INFO]2020/10/21 17:07:16 task|HandleResponseTask running
[INFO]2020/10/21 17:07:16 task|MonitorTask running
[INFO]2020/10/21 17:07:16 task|HandleResponseTask running
[INFO]2020/10/21 17:07:16 task|HandleResponseTask running
[INFO]2020/10/21 17:07:16 task|HandleResponseTask running
[INFO]2020/10/21 17:07:16 task|HandleResponseTask running
[INFO]2020/10/21 17:07:16 task|HandleResponseTask running
[INFO]2020/10/21 17:07:16 task|ResultCmdTask running
[INFO]2020/10/21 17:07:16 task|HandleResponseTask running
[INFO]2020/10/21 18:24:48 task|HandleResponseTask running
[INFO]2020/10/21 18:24:48 task|HandleResponseTask running
[INFO]2020/10/21 18:24:48 task|ResultCmdTask running
[INFO]2020/10/21 18:24:48 task|HandleResponseTask running
[INFO]2020/10/21 18:24:48 task|HandleResponseTask running
[INFO]2020/10/21 18:24:48 task|HandleResponseTask running
[INFO]2020/10/21 18:24:48 task|MonitorTask running
[INFO]2020/10/21 18:24:48 task|HandleResponseTask running
[INFO]2020/10/21 18:24:48 task|HandleResponseTask running
[INFO]2020/10/21 18:24:48 task|HandleResponseTask running
